This is pdfTeX, Version 3.14159265-2.6-1.40.21 (MiKTeX 20.11) (preloaded format=pdflatex 2020.11.20)  10 DEC 2020 21:29
entering extended mode
**./LaTeX_Einfuehrung.tex
(LaTeX_Einfuehrung.tex
LaTeX2e <2020-10-01> patch level 2
L3 programming layer <2020-10-27> xparse <2020-03-03>
(C:\Users\Rafa\AppData\Roaming\MiKTeX\tex/latex/beamer\beamer.cls
Document Class: beamer 2020/07/22 v3.59 A class for typesetting presentations
(C:\Users\Rafa\AppData\Roaming\MiKTeX\tex/latex/beamer\beamerbasemodes.sty
("C:\Program Files\MiKTeX\tex/latex/etoolbox\etoolbox.sty"
Package: etoolbox 2020/10/05 v2.5k e-TeX tools for LaTeX (JAW)
\etb@tempcnta=\count175
)
\beamer@tempbox=\box47
\beamer@tempcount=\count176
\c@beamerpauses=\count177

(C:\Users\Rafa\AppData\Roaming\MiKTeX\tex/latex/beamer\beamerbasedecode.sty
\beamer@slideinframe=\count178
\beamer@minimum=\count179
\beamer@decode@box=\box48
)
\beamer@commentbox=\box49
\beamer@modecount=\count180
)
("C:\Program Files\MiKTeX\tex/generic/iftex\ifpdf.sty"
Package: ifpdf 2019/10/25 v3.4 ifpdf legacy package. Use iftex instead.

("C:\Program Files\MiKTeX\tex/generic/iftex\iftex.sty"
Package: iftex 2020/03/06 v1.0d TeX engine tests
))
\headdp=\dimen138
\footheight=\dimen139
\sidebarheight=\dimen140
\beamer@tempdim=\dimen141
\beamer@finalheight=\dimen142
\beamer@animht=\dimen143
\beamer@animdp=\dimen144
\beamer@animwd=\dimen145
\beamer@leftmargin=\dimen146
\beamer@rightmargin=\dimen147
\beamer@leftsidebar=\dimen148
\beamer@rightsidebar=\dimen149
\beamer@boxsize=\dimen150
\beamer@vboxoffset=\dimen151
\beamer@descdefault=\dimen152
\beamer@descriptionwidth=\dimen153
\beamer@lastskip=\skip47
\beamer@areabox=\box50
\beamer@animcurrent=\box51
\beamer@animshowbox=\box52
\beamer@sectionbox=\box53
\beamer@logobox=\box54
\beamer@linebox=\box55
\beamer@sectioncount=\count181
\beamer@subsubsectionmax=\count182
\beamer@subsectionmax=\count183
\beamer@sectionmax=\count184
\beamer@totalheads=\count185
\beamer@headcounter=\count186
\beamer@partstartpage=\count187
\beamer@sectionstartpage=\count188
\beamer@subsectionstartpage=\count189
\beamer@animationtempa=\count190
\beamer@animationtempb=\count191
\beamer@xpos=\count192
\beamer@ypos=\count193
\beamer@ypos@offset=\count194
\beamer@showpartnumber=\count195
\beamer@currentsubsection=\count196
\beamer@coveringdepth=\count197
\beamer@sectionadjust=\count198
\beamer@tocsectionnumber=\count199

(C:\Users\Rafa\AppData\Roaming\MiKTeX\tex/latex/beamer\beamerbaseoptions.sty
("C:\Program Files\MiKTeX\tex/latex/graphics\keyval.sty"
Package: keyval 2014/10/28 v1.15 key=value parser (DPC)
\KV@toks@=\toks15
))
\beamer@paperwidth=\skip48
\beamer@paperheight=\skip49

(C:\Users\Rafa\AppData\Roaming\MiKTeX\tex/latex/geometry\geometry.sty
Package: geometry 2020/01/02 v5.9 Page Geometry

("C:\Program Files\MiKTeX\tex/generic/iftex\ifvtex.sty"
Package: ifvtex 2019/10/25 v1.7 ifvtex legacy package. Use iftex instead.
)
\Gm@cnth=\count266
\Gm@cntv=\count267
\c@Gm@tempcnt=\count268
\Gm@bindingoffset=\dimen154
\Gm@wd@mp=\dimen155
\Gm@odd@mp=\dimen156
\Gm@even@mp=\dimen157
\Gm@layoutwidth=\dimen158
\Gm@layoutheight=\dimen159
\Gm@layouthoffset=\dimen160
\Gm@layoutvoffset=\dimen161
\Gm@dimlist=\toks16

(C:\Users\Rafa\AppData\Roaming\MiKTeX\tex/latex/geometry\geometry.cfg))
("C:\Program Files\MiKTeX\tex/latex/base\size11.clo"
File: size11.clo 2020/04/10 v1.4m Standard LaTeX file (size option)
)
("C:\Program Files\MiKTeX\tex/latex/pgf/basiclayer\pgfcore.sty"
("C:\Program Files\MiKTeX\tex/latex/graphics\graphicx.sty"
Package: graphicx 2020/09/09 v1.2b Enhanced LaTeX Graphics (DPC,SPQR)

("C:\Program Files\MiKTeX\tex/latex/graphics\graphics.sty"
Package: graphics 2020/08/30 v1.4c Standard LaTeX Graphics (DPC,SPQR)

("C:\Program Files\MiKTeX\tex/latex/graphics\trig.sty"
Package: trig 2016/01/03 v1.10 sin cos tan (DPC)
)
("C:\Program Files\MiKTeX\tex/latex/graphics-cfg\graphics.cfg"
File: graphics.cfg 2016/06/04 v1.11 sample graphics configuration
)
Package graphics Info: Driver file: pdftex.def on input line 105.

("C:\Program Files\MiKTeX\tex/latex/graphics-def\pdftex.def"
File: pdftex.def 2020/10/05 v1.2a Graphics/color driver for pdftex
))
\Gin@req@height=\dimen162
\Gin@req@width=\dimen163
)
("C:\Program Files\MiKTeX\tex/latex/pgf/systemlayer\pgfsys.sty"
("C:\Program Files\MiKTeX\tex/latex/pgf/utilities\pgfrcs.sty"
("C:\Program Files\MiKTeX\tex/generic/pgf/utilities\pgfutil-common.tex"
\pgfutil@everybye=\toks17
\pgfutil@tempdima=\dimen164
\pgfutil@tempdimb=\dimen165

("C:\Program Files\MiKTeX\tex/generic/pgf/utilities\pgfutil-common-lists.tex"))
("C:\Program Files\MiKTeX\tex/generic/pgf/utilities\pgfutil-latex.def"
\pgfutil@abb=\box56
)
("C:\Program Files\MiKTeX\tex/generic/pgf/utilities\pgfrcs.code.tex"
("C:\Program Files\MiKTeX\tex/generic/pgf\pgf.revision.tex")
Package: pgfrcs 2020/10/01 v3.1.6a (3.1.6a)
))
("C:\Program Files\MiKTeX\tex/generic/pgf/systemlayer\pgfsys.code.tex"
Package: pgfsys 2020/10/01 v3.1.6a (3.1.6a)

("C:\Program Files\MiKTeX\tex/generic/pgf/utilities\pgfkeys.code.tex"
\pgfkeys@pathtoks=\toks18
\pgfkeys@temptoks=\toks19

("C:\Program Files\MiKTeX\tex/generic/pgf/utilities\pgfkeysfiltered.code.tex"
\pgfkeys@tmptoks=\toks20
))
\pgf@x=\dimen166
\pgf@y=\dimen167
\pgf@xa=\dimen168
\pgf@ya=\dimen169
\pgf@xb=\dimen170
\pgf@yb=\dimen171
\pgf@xc=\dimen172
\pgf@yc=\dimen173
\pgf@xd=\dimen174
\pgf@yd=\dimen175
\w@pgf@writea=\write3
\r@pgf@reada=\read2
\c@pgf@counta=\count269
\c@pgf@countb=\count270
\c@pgf@countc=\count271
\c@pgf@countd=\count272
\t@pgf@toka=\toks21
\t@pgf@tokb=\toks22
\t@pgf@tokc=\toks23
\pgf@sys@id@count=\count273
("C:\Program Files\MiKTeX\tex/generic/pgf/systemlayer\pgf.cfg"
File: pgf.cfg 2020/10/01 v3.1.6a (3.1.6a)
)
Driver file for pgf: pgfsys-pdftex.def

("C:\Program Files\MiKTeX\tex/generic/pgf/systemlayer\pgfsys-pdftex.def"
File: pgfsys-pdftex.def 2020/10/01 v3.1.6a (3.1.6a)

("C:\Program Files\MiKTeX\tex/generic/pgf/systemlayer\pgfsys-common-pdf.def"
File: pgfsys-common-pdf.def 2020/10/01 v3.1.6a (3.1.6a)
))) ("C:\Program Files\MiKTeX\tex/generic/pgf/systemlayer\pgfsyssoftpath.code.t
ex"
File: pgfsyssoftpath.code.tex 2020/10/01 v3.1.6a (3.1.6a)
\pgfsyssoftpath@smallbuffer@items=\count274
\pgfsyssoftpath@bigbuffer@items=\count275
) ("C:\Program Files\MiKTeX\tex/generic/pgf/systemlayer\pgfsysprotocol.code.tex
"
File: pgfsysprotocol.code.tex 2020/10/01 v3.1.6a (3.1.6a)
)) ("C:\Program Files\MiKTeX\tex/latex/xcolor\xcolor.sty"
Package: xcolor 2016/05/11 v2.12 LaTeX color extensions (UK)

("C:\Program Files\MiKTeX\tex/latex/graphics-cfg\color.cfg"
File: color.cfg 2016/01/02 v1.6 sample color configuration
)
Package xcolor Info: Driver file: pdftex.def on input line 225.
Package xcolor Info: Model `cmy' substituted by `cmy0' on input line 1348.
Package xcolor Info: Model `hsb' substituted by `rgb' on input line 1352.
Package xcolor Info: Model `RGB' extended on input line 1364.
Package xcolor Info: Model `HTML' substituted by `rgb' on input line 1366.
Package xcolor Info: Model `Hsb' substituted by `hsb' on input line 1367.
Package xcolor Info: Model `tHsb' substituted by `hsb' on input line 1368.
Package xcolor Info: Model `HSB' substituted by `hsb' on input line 1369.
Package xcolor Info: Model `Gray' substituted by `gray' on input line 1370.
Package xcolor Info: Model `wave' substituted by `hsb' on input line 1371.
)
("C:\Program Files\MiKTeX\tex/generic/pgf/basiclayer\pgfcore.code.tex"
Package: pgfcore 2020/10/01 v3.1.6a (3.1.6a)

("C:\Program Files\MiKTeX\tex/generic/pgf/math\pgfmath.code.tex"
("C:\Program Files\MiKTeX\tex/generic/pgf/math\pgfmathcalc.code.tex"
("C:\Program Files\MiKTeX\tex/generic/pgf/math\pgfmathutil.code.tex")
("C:\Program Files\MiKTeX\tex/generic/pgf/math\pgfmathparser.code.tex"
\pgfmath@dimen=\dimen176
\pgfmath@count=\count276
\pgfmath@box=\box57
\pgfmath@toks=\toks24
\pgfmath@stack@operand=\toks25
\pgfmath@stack@operation=\toks26
)
("C:\Program Files\MiKTeX\tex/generic/pgf/math\pgfmathfunctions.code.tex"
("C:\Program Files\MiKTeX\tex/generic/pgf/math\pgfmathfunctions.basic.code.tex"
)
("C:\Program Files\MiKTeX\tex/generic/pgf/math\pgfmathfunctions.trigonometric.c
ode.tex")
("C:\Program Files\MiKTeX\tex/generic/pgf/math\pgfmathfunctions.random.code.tex
")
("C:\Program Files\MiKTeX\tex/generic/pgf/math\pgfmathfunctions.comparison.code
.tex")
("C:\Program Files\MiKTeX\tex/generic/pgf/math\pgfmathfunctions.base.code.tex")
("C:\Program Files\MiKTeX\tex/generic/pgf/math\pgfmathfunctions.round.code.tex"
) ("C:\Program Files\MiKTeX\tex/generic/pgf/math\pgfmathfunctions.misc.code.tex
")
("C:\Program Files\MiKTeX\tex/generic/pgf/math\pgfmathfunctions.integerarithmet
ics.code.tex")))
("C:\Program Files\MiKTeX\tex/generic/pgf/math\pgfmathfloat.code.tex"
\c@pgfmathroundto@lastzeros=\count277
))
("C:\Program Files\MiKTeX\tex/generic/pgf/math\pgfint.code.tex")
("C:\Program Files\MiKTeX\tex/generic/pgf/basiclayer\pgfcorepoints.code.tex"
File: pgfcorepoints.code.tex 2020/10/01 v3.1.6a (3.1.6a)
\pgf@picminx=\dimen177
\pgf@picmaxx=\dimen178
\pgf@picminy=\dimen179
\pgf@picmaxy=\dimen180
\pgf@pathminx=\dimen181
\pgf@pathmaxx=\dimen182
\pgf@pathminy=\dimen183
\pgf@pathmaxy=\dimen184
\pgf@xx=\dimen185
\pgf@xy=\dimen186
\pgf@yx=\dimen187
\pgf@yy=\dimen188
\pgf@zx=\dimen189
\pgf@zy=\dimen190
)
("C:\Program Files\MiKTeX\tex/generic/pgf/basiclayer\pgfcorepathconstruct.code.
tex"
File: pgfcorepathconstruct.code.tex 2020/10/01 v3.1.6a (3.1.6a)
\pgf@path@lastx=\dimen191
\pgf@path@lasty=\dimen192
)
("C:\Program Files\MiKTeX\tex/generic/pgf/basiclayer\pgfcorepathusage.code.tex"
File: pgfcorepathusage.code.tex 2020/10/01 v3.1.6a (3.1.6a)
\pgf@shorten@end@additional=\dimen193
\pgf@shorten@start@additional=\dimen194
) ("C:\Program Files\MiKTeX\tex/generic/pgf/basiclayer\pgfcorescopes.code.tex"
File: pgfcorescopes.code.tex 2020/10/01 v3.1.6a (3.1.6a)
\pgfpic=\box58
\pgf@hbox=\box59
\pgf@layerbox@main=\box60
\pgf@picture@serial@count=\count278
)
("C:\Program Files\MiKTeX\tex/generic/pgf/basiclayer\pgfcoregraphicstate.code.t
ex"
File: pgfcoregraphicstate.code.tex 2020/10/01 v3.1.6a (3.1.6a)
\pgflinewidth=\dimen195
)
("C:\Program Files\MiKTeX\tex/generic/pgf/basiclayer\pgfcoretransformations.cod
e.tex"
File: pgfcoretransformations.code.tex 2020/10/01 v3.1.6a (3.1.6a)
\pgf@pt@x=\dimen196
\pgf@pt@y=\dimen197
\pgf@pt@temp=\dimen198
)
("C:\Program Files\MiKTeX\tex/generic/pgf/basiclayer\pgfcorequick.code.tex"
File: pgfcorequick.code.tex 2020/10/01 v3.1.6a (3.1.6a)
)
("C:\Program Files\MiKTeX\tex/generic/pgf/basiclayer\pgfcoreobjects.code.tex"
File: pgfcoreobjects.code.tex 2020/10/01 v3.1.6a (3.1.6a)
)
("C:\Program Files\MiKTeX\tex/generic/pgf/basiclayer\pgfcorepathprocessing.code
.tex"
File: pgfcorepathprocessing.code.tex 2020/10/01 v3.1.6a (3.1.6a)
)
("C:\Program Files\MiKTeX\tex/generic/pgf/basiclayer\pgfcorearrows.code.tex"
File: pgfcorearrows.code.tex 2020/10/01 v3.1.6a (3.1.6a)
\pgfarrowsep=\dimen199
)
("C:\Program Files\MiKTeX\tex/generic/pgf/basiclayer\pgfcoreshade.code.tex"
File: pgfcoreshade.code.tex 2020/10/01 v3.1.6a (3.1.6a)
\pgf@max=\dimen256
\pgf@sys@shading@range@num=\count279
\pgf@shadingcount=\count280
)
("C:\Program Files\MiKTeX\tex/generic/pgf/basiclayer\pgfcoreimage.code.tex"
File: pgfcoreimage.code.tex 2020/10/01 v3.1.6a (3.1.6a)

("C:\Program Files\MiKTeX\tex/generic/pgf/basiclayer\pgfcoreexternal.code.tex"
File: pgfcoreexternal.code.tex 2020/10/01 v3.1.6a (3.1.6a)
\pgfexternal@startupbox=\box61
)) ("C:\Program Files\MiKTeX\tex/generic/pgf/basiclayer\pgfcorelayers.code.tex"
File: pgfcorelayers.code.tex 2020/10/01 v3.1.6a (3.1.6a)
)
("C:\Program Files\MiKTeX\tex/generic/pgf/basiclayer\pgfcoretransparency.code.t
ex"
File: pgfcoretransparency.code.tex 2020/10/01 v3.1.6a (3.1.6a)
)
("C:\Program Files\MiKTeX\tex/generic/pgf/basiclayer\pgfcorepatterns.code.tex"
File: pgfcorepatterns.code.tex 2020/10/01 v3.1.6a (3.1.6a)
) ("C:\Program Files\MiKTeX\tex/generic/pgf/basiclayer\pgfcorerdf.code.tex"
File: pgfcorerdf.code.tex 2020/10/01 v3.1.6a (3.1.6a)
)))
("C:\Program Files\MiKTeX\tex/latex/pgf/utilities\xxcolor.sty"
Package: xxcolor 2003/10/24 ver 0.1
\XC@nummixins=\count281
\XC@countmixins=\count282
)
("C:\Program Files\MiKTeX\tex/latex/base\atbegshi-ltx.sty"
Package: atbegshi-ltx 2020/08/17 v1.0a Emulation of the original atbegshi packa
ge
with kernel methods
)
("C:\Program Files\MiKTeX\tex/latex/hyperref\hyperref.sty"
Package: hyperref 2020-05-15 v7.00e Hypertext links for LaTeX

(C:\Users\Rafa\AppData\Roaming\MiKTeX\tex/generic/ltxcmds\ltxcmds.sty
Package: ltxcmds 2020-05-10 v1.25 LaTeX kernel commands for general use (HO)
)
("C:\Program Files\MiKTeX\tex/generic/pdftexcmds\pdftexcmds.sty"
Package: pdftexcmds 2020-06-27 v0.33 Utility functions of pdfTeX for LuaTeX (HO
)

(C:\Users\Rafa\AppData\Roaming\MiKTeX\tex/generic/infwarerr\infwarerr.sty
Package: infwarerr 2019/12/03 v1.5 Providing info/warning/error messages (HO)
)
Package pdftexcmds Info: \pdf@primitive is available.
Package pdftexcmds Info: \pdf@ifprimitive is available.
Package pdftexcmds Info: \pdfdraftmode found.
)
(C:\Users\Rafa\AppData\Roaming\MiKTeX\tex/generic/kvsetkeys\kvsetkeys.sty
Package: kvsetkeys 2019/12/15 v1.18 Key value parser (HO)
)
(C:\Users\Rafa\AppData\Roaming\MiKTeX\tex/generic/kvdefinekeys\kvdefinekeys.sty
Package: kvdefinekeys 2019-12-19 v1.6 Define keys (HO)
) (C:\Users\Rafa\AppData\Roaming\MiKTeX\tex/generic/pdfescape\pdfescape.sty
Package: pdfescape 2019/12/09 v1.15 Implements pdfTeX's escape features (HO)
)
(C:\Users\Rafa\AppData\Roaming\MiKTeX\tex/latex/hycolor\hycolor.sty
Package: hycolor 2020-01-27 v1.10 Color options for hyperref/bookmark (HO)
)
(C:\Users\Rafa\AppData\Roaming\MiKTeX\tex/latex/letltxmacro\letltxmacro.sty
Package: letltxmacro 2019/12/03 v1.6 Let assignment for LaTeX macros (HO)
)
(C:\Users\Rafa\AppData\Roaming\MiKTeX\tex/latex/auxhook\auxhook.sty
Package: auxhook 2019-12-17 v1.6 Hooks for auxiliary files (HO)
)
(C:\Users\Rafa\AppData\Roaming\MiKTeX\tex/latex/kvoptions\kvoptions.sty
Package: kvoptions 2020-10-07 v3.14 Key value format for package options (HO)
)
\@linkdim=\dimen257
\Hy@linkcounter=\count283
\Hy@pagecounter=\count284

("C:\Program Files\MiKTeX\tex/latex/hyperref\pd1enc.def"
File: pd1enc.def 2020-05-15 v7.00e Hyperref: PDFDocEncoding definition (HO)
Now handling font encoding PD1 ...
... no UTF-8 mapping file for font encoding PD1
)
(C:\Users\Rafa\AppData\Roaming\MiKTeX\tex/generic/intcalc\intcalc.sty
Package: intcalc 2019/12/15 v1.3 Expandable calculations with integers (HO)
)
(C:\Users\Rafa\AppData\Roaming\MiKTeX\tex/generic/etexcmds\etexcmds.sty
Package: etexcmds 2019/12/15 v1.7 Avoid name clashes with e-TeX commands (HO)
)
\Hy@SavedSpaceFactor=\count285
Package hyperref Info: Option `bookmarks' set `true' on input line 4338.
Package hyperref Info: Option `bookmarksopen' set `true' on input line 4338.
Package hyperref Info: Option `implicit' set `false' on input line 4338.
Package hyperref Info: Hyper figures OFF on input line 4464.
Package hyperref Info: Link nesting OFF on input line 4469.
Package hyperref Info: Hyper index ON on input line 4472.
Package hyperref Info: Plain pages OFF on input line 4479.
Package hyperref Info: Backreferencing OFF on input line 4484.
Package hyperref Info: Implicit mode OFF; no redefinition of LaTeX internals.
Package hyperref Info: Bookmarks ON on input line 4717.
\c@Hy@tempcnt=\count286

("C:\Program Files\MiKTeX\tex/latex/url\url.sty"
\Urlmuskip=\muskip16
Package: url 2013/09/16  ver 3.4  Verb mode for urls, etc.
)
LaTeX Info: Redefining \url on input line 5076.
\XeTeXLinkMargin=\dimen258

(C:\Users\Rafa\AppData\Roaming\MiKTeX\tex/generic/bitset\bitset.sty
Package: bitset 2019/12/09 v1.3 Handle bit-vector datatype (HO)

(C:\Users\Rafa\AppData\Roaming\MiKTeX\tex/generic/bigintcalc\bigintcalc.sty
Package: bigintcalc 2019/12/15 v1.5 Expandable calculations on big integers (HO
)
))
\Fld@menulength=\count287
\Field@Width=\dimen259
\Fld@charsize=\dimen260
Package hyperref Info: Hyper figures OFF on input line 6347.
Package hyperref Info: Link nesting OFF on input line 6352.
Package hyperref Info: Hyper index ON on input line 6355.
Package hyperref Info: backreferencing OFF on input line 6362.
Package hyperref Info: Link coloring OFF on input line 6367.
Package hyperref Info: Link coloring with OCG OFF on input line 6372.
Package hyperref Info: PDF/A mode OFF on input line 6377.
LaTeX Info: Redefining \ref on input line 6417.
LaTeX Info: Redefining \pageref on input line 6421.
\Hy@abspage=\count288


Package hyperref Message: Stopped early.

)
Package hyperref Info: Driver (autodetected): hpdftex.
 ("C:\Program Files\MiKTeX\tex/latex/hyperref\hpdftex.def"
File: hpdftex.def 2020-05-15 v7.00e Hyperref driver for pdfTeX

("C:\Program Files\MiKTeX\tex/latex/base\atveryend-ltx.sty"
Package: atveryend-ltx 2020/08/19 v1.0a Emulation of the original atvery packag
e
with kernel methods
)
\Fld@listcount=\count289
\c@bookmark@seq@number=\count290

(C:\Users\Rafa\AppData\Roaming\MiKTeX\tex/latex/rerunfilecheck\rerunfilecheck.s
ty
Package: rerunfilecheck 2019/12/05 v1.9 Rerun checks for auxiliary files (HO)

(C:\Users\Rafa\AppData\Roaming\MiKTeX\tex/generic/uniquecounter\uniquecounter.s
ty
Package: uniquecounter 2019/12/15 v1.4 Provide unlimited unique counter (HO)
)
Package uniquecounter Info: New unique counter `rerunfilecheck' on input line 2
86.
))
(C:\Users\Rafa\AppData\Roaming\MiKTeX\tex/latex/beamer\beamerbaserequires.sty
(C:\Users\Rafa\AppData\Roaming\MiKTeX\tex/latex/beamer\beamerbasecompatibility.
sty) (C:\Users\Rafa\AppData\Roaming\MiKTeX\tex/latex/beamer\beamerbasefont.sty
("C:\Program Files\MiKTeX\tex/latex/amsfonts\amssymb.sty"
Package: amssymb 2013/01/14 v3.01 AMS font symbols

("C:\Program Files\MiKTeX\tex/latex/amsfonts\amsfonts.sty"
Package: amsfonts 2013/01/14 v3.01 Basic AMSFonts support
\@emptytoks=\toks27
\symAMSa=\mathgroup4
\symAMSb=\mathgroup5
LaTeX Font Info:    Redeclaring math symbol \hbar on input line 98.
LaTeX Font Info:    Overwriting math alphabet `\mathfrak' in version `bold'
(Font)                  U/euf/m/n --> U/euf/b/n on input line 106.
))
(C:\Users\Rafa\AppData\Roaming\MiKTeX\tex/latex/sansmathaccent\sansmathaccent.s
ty
Package: sansmathaccent 2020/01/31
 (C:\Users\Rafa\AppData\Roaming\MiKTeX\tex/latex/koma-script\scrlfile.sty
Package: scrlfile 2020/09/21 v3.32 KOMA-Script package (file load hooks)

(C:\Users\Rafa\AppData\Roaming\MiKTeX\tex/latex/koma-script\scrlfile-hook.sty
Package: scrlfile-hook 2020/09/21 v3.32 KOMA-Script package (using LaTeX hooks)


LaTeX3 Info: Defining command \BeforeFile with sig. 'm' on line 61.


LaTeX3 Info: Defining command \AfterFile with sig. 'm' on line 65.


LaTeX3 Info: Defining command \BeforeClass with sig. 'm' on line 69.


LaTeX3 Info: Defining command \BeforePackage with sig. 'm' on line 73.


LaTeX3 Info: Defining command \AfterAtEndOfClass with sig. 'smo+m' on line 83.


LaTeX3 Info: Defining command \AfterAtEndOfPackage with sig. 'smo+m' on line
(LaTeX3)     93.


LaTeX3 Info: Defining command \scrlfile@AfterClass with sig. 'smo+m' on line
(LaTeX3)     173.


LaTeX3 Info: Defining command \AfterClass with sig. '' on line 174.


LaTeX3 Info: Defining command \scrlfile@AfterPackage with sig. 'smo+m' on line
(LaTeX3)     191.


LaTeX3 Info: Defining command \AfterPackage with sig. '' on line 192.


LaTeX3 Info: Defining command \ReplaceInput with sig. '' on line 193.


LaTeX3 Info: Defining command \ReplaceClass with sig. 'mm' on line 196.


LaTeX3 Info: Defining command \ReplacePackage with sig. 'mm' on line 199.


LaTeX3 Info: Defining command \UnReplaceInput with sig. '' on line 200.


LaTeX3 Info: Defining command \UnReplaceClass with sig. 'm' on line 203.


LaTeX3 Info: Defining command \UnReplacePackage with sig. 'mm' on line 206.


LaTeX3 Info: Defining command \PreventPackageFromLoading with sig. 's+om' on
(LaTeX3)     line 234.


LaTeX3 Info: Defining command \StorePreventPackageFromLoading with sig. 'm' on
(LaTeX3)     line 242.


LaTeX3 Info: Defining command \ResetPreventPackageFromLoading with sig. '' on
(LaTeX3)     line 247.


LaTeX3 Info: Defining command \UnPreventPackageFromLoading with sig. 'sm' on
(LaTeX3)     line 261.


LaTeX3 Info: Defining command \BeforeClosingMainAux with sig. 'om' on line
(LaTeX3)     274.


LaTeX3 Info: Defining command \AfterReadingMainAux with sig. 'om' on line 287.


LaTeX3 Info: Defining command \protected@immediate@write with sig. 'm+m+m' on
(LaTeX3)     line 298.


(C:\Users\Rafa\AppData\Roaming\MiKTeX\tex/latex/koma-script\scrlogo.sty
Package: scrlogo 2020/09/21 v3.32 KOMA-Script package (logo)
)))))
(C:\Users\Rafa\AppData\Roaming\MiKTeX\tex/latex/beamer\beamerbasetranslator.sty
(C:\Users\Rafa\AppData\Roaming\MiKTeX\tex/latex/translator\translator.sty
Package: translator 2020-08-03 v1.12c Easy translation of strings in LaTeX
))
(C:\Users\Rafa\AppData\Roaming\MiKTeX\tex/latex/beamer\beamerbasemisc.sty)
(C:\Users\Rafa\AppData\Roaming\MiKTeX\tex/latex/beamer\beamerbasetwoscreens.sty
) (C:\Users\Rafa\AppData\Roaming\MiKTeX\tex/latex/beamer\beamerbaseoverlay.sty
\beamer@argscount=\count291
\beamer@lastskipcover=\skip50
\beamer@trivlistdepth=\count292
) (C:\Users\Rafa\AppData\Roaming\MiKTeX\tex/latex/beamer\beamerbasetitle.sty)
(C:\Users\Rafa\AppData\Roaming\MiKTeX\tex/latex/beamer\beamerbasesection.sty
\c@lecture=\count293
\c@part=\count294
\c@section=\count295
\c@subsection=\count296
\c@subsubsection=\count297
)
(C:\Users\Rafa\AppData\Roaming\MiKTeX\tex/latex/beamer\beamerbaseframe.sty
\beamer@framebox=\box62
\beamer@frametitlebox=\box63
\beamer@zoombox=\box64
\beamer@zoomcount=\count298
\beamer@zoomframecount=\count299
\beamer@frametextheight=\dimen261
\c@subsectionslide=\count300
\beamer@frametopskip=\skip51
\beamer@framebottomskip=\skip52
\beamer@frametopskipautobreak=\skip53
\beamer@framebottomskipautobreak=\skip54
\beamer@envbody=\toks28
\framewidth=\dimen262
\c@framenumber=\count301
)
(C:\Users\Rafa\AppData\Roaming\MiKTeX\tex/latex/beamer\beamerbaseverbatim.sty
\beamer@verbatimfileout=\write4
)
(C:\Users\Rafa\AppData\Roaming\MiKTeX\tex/latex/beamer\beamerbaseframesize.sty
\beamer@splitbox=\box65
\beamer@autobreakcount=\count302
\beamer@autobreaklastheight=\dimen263
\beamer@frametitletoks=\toks29
\beamer@framesubtitletoks=\toks30
)
(C:\Users\Rafa\AppData\Roaming\MiKTeX\tex/latex/beamer\beamerbaseframecomponent
s.sty
\beamer@footins=\box66
)
(C:\Users\Rafa\AppData\Roaming\MiKTeX\tex/latex/beamer\beamerbasecolor.sty)
(C:\Users\Rafa\AppData\Roaming\MiKTeX\tex/latex/beamer\beamerbasenotes.sty
\beamer@frameboxcopy=\box67
)
(C:\Users\Rafa\AppData\Roaming\MiKTeX\tex/latex/beamer\beamerbasetoc.sty)
(C:\Users\Rafa\AppData\Roaming\MiKTeX\tex/latex/beamer\beamerbasetemplates.sty
\beamer@sbttoks=\toks31

(C:\Users\Rafa\AppData\Roaming\MiKTeX\tex/latex/beamer\beamerbaseauxtemplates.s
ty (C:\Users\Rafa\AppData\Roaming\MiKTeX\tex/latex/beamer\beamerbaseboxes.sty
\bmb@box=\box68
\bmb@colorbox=\box69
\bmb@boxshadow=\box70
\bmb@boxshadowball=\box71
\bmb@boxshadowballlarge=\box72
\bmb@temp=\dimen264
\bmb@dima=\dimen265
\bmb@dimb=\dimen266
\bmb@prevheight=\dimen267
)
\beamer@blockheadheight=\dimen268
))
(C:\Users\Rafa\AppData\Roaming\MiKTeX\tex/latex/beamer\beamerbaselocalstructure
.sty ("C:\Program Files\MiKTeX\tex/latex/tools\enumerate.sty"
Package: enumerate 2015/07/23 v3.00 enumerate extensions (DPC)
\@enLab=\toks32
)
\c@figure=\count303
\c@table=\count304
\abovecaptionskip=\skip55
\belowcaptionskip=\skip56
)
(C:\Users\Rafa\AppData\Roaming\MiKTeX\tex/latex/beamer\beamerbasenavigation.sty
\beamer@section@min@dim=\dimen269
) (C:\Users\Rafa\AppData\Roaming\MiKTeX\tex/latex/beamer\beamerbasetheorems.sty
("C:\Program Files\MiKTeX\tex/latex/amsmath\amsmath.sty"
Package: amsmath 2020/09/23 v2.17i AMS math features
\@mathmargin=\skip57

For additional information on amsmath, use the `?' option.
("C:\Program Files\MiKTeX\tex/latex/amsmath\amstext.sty"
Package: amstext 2000/06/29 v2.01 AMS text

("C:\Program Files\MiKTeX\tex/latex/amsmath\amsgen.sty"
File: amsgen.sty 1999/11/30 v2.0 generic functions
\@emptytoks=\toks33
\ex@=\dimen270
))
("C:\Program Files\MiKTeX\tex/latex/amsmath\amsbsy.sty"
Package: amsbsy 1999/11/29 v1.2d Bold Symbols
\pmbraise@=\dimen271
)
("C:\Program Files\MiKTeX\tex/latex/amsmath\amsopn.sty"
Package: amsopn 2016/03/08 v2.02 operator names
)
\inf@bad=\count305
LaTeX Info: Redefining \frac on input line 234.
\uproot@=\count306
\leftroot@=\count307
LaTeX Info: Redefining \overline on input line 399.
\classnum@=\count308
\DOTSCASE@=\count309
LaTeX Info: Redefining \ldots on input line 496.
LaTeX Info: Redefining \dots on input line 499.
LaTeX Info: Redefining \cdots on input line 620.
\Mathstrutbox@=\box73
\strutbox@=\box74
\big@size=\dimen272
LaTeX Font Info:    Redeclaring font encoding OML on input line 743.
LaTeX Font Info:    Redeclaring font encoding OMS on input line 744.
\macc@depth=\count310
\c@MaxMatrixCols=\count311
\dotsspace@=\muskip17
\c@parentequation=\count312
\dspbrk@lvl=\count313
\tag@help=\toks34
\row@=\count314
\column@=\count315
\maxfields@=\count316
\andhelp@=\toks35
\eqnshift@=\dimen273
\alignsep@=\dimen274
\tagshift@=\dimen275
\tagwidth@=\dimen276
\totwidth@=\dimen277
\lineht@=\dimen278
\@envbody=\toks36
\multlinegap=\skip58
\multlinetaggap=\skip59
\mathdisplay@stack=\toks37
LaTeX Info: Redefining \[ on input line 2923.
LaTeX Info: Redefining \] on input line 2924.
)
(C:\Users\Rafa\AppData\Roaming\MiKTeX\tex/latex/amscls\amsthm.sty
Package: amsthm 2020/05/29 v2.20.6
\thm@style=\toks38
\thm@bodyfont=\toks39
\thm@headfont=\toks40
\thm@notefont=\toks41
\thm@headpunct=\toks42
\thm@preskip=\skip60
\thm@postskip=\skip61
\thm@headsep=\skip62
\dth@everypar=\toks43
)
\c@theorem=\count317
)
(C:\Users\Rafa\AppData\Roaming\MiKTeX\tex/latex/beamer\beamerbasethemes.sty))
(C:\Users\Rafa\AppData\Roaming\MiKTeX\tex/latex/beamer\beamerthemedefault.sty
(C:\Users\Rafa\AppData\Roaming\MiKTeX\tex/latex/beamer\beamerfontthemedefault.s
ty)
(C:\Users\Rafa\AppData\Roaming\MiKTeX\tex/latex/beamer\beamercolorthemedefault.
sty)
(C:\Users\Rafa\AppData\Roaming\MiKTeX\tex/latex/beamer\beamerinnerthemedefault.
sty
\beamer@dima=\dimen279
\beamer@dimb=\dimen280
)
(C:\Users\Rafa\AppData\Roaming\MiKTeX\tex/latex/beamer\beamerouterthemedefault.
sty))) ("C:\Program Files\MiKTeX\tex/latex/base\fontenc.sty"
Package: fontenc 2020/08/10 v2.0s Standard LaTeX package
)
("C:\Program Files\MiKTeX\tex/latex/base\inputenc.sty"
Package: inputenc 2020/08/01 v1.3d Input encoding file
\inpenc@prehook=\toks44
\inpenc@posthook=\toks45
)
(C:\Users\Rafa\AppData\Roaming\MiKTeX\tex/latex/upquote\upquote.sty
Package: upquote 2012/04/19 v1.3 upright-quote and grave-accent glyphs in verba
tim

("C:\Program Files\MiKTeX\tex/latex/base\textcomp.sty"
Package: textcomp 2020/02/02 v2.0n Standard LaTeX package
))
("C:\Program Files\MiKTeX\tex/latex/tools\array.sty"
Package: array 2019/08/31 v2.4l Tabular extension package (FMi)
\col@sep=\dimen281
\ar@mcellbox=\box75
\extrarowheight=\dimen282
\NC@list=\toks46
\extratabsurround=\skip63
\backup@length=\skip64
\ar@cellbox=\box76
)
("C:\Program Files\MiKTeX\tex/latex/ragged2e\ragged2e.sty"
Package: ragged2e 2019/07/28 v2.2 ragged2e Package (MS)

("C:\Program Files\MiKTeX\tex/latex/ms\everysel.sty"
Package: everysel 2011/10/28 v1.2 EverySelectfont Package (MS)
)
\CenteringLeftskip=\skip65
\RaggedLeftLeftskip=\skip66
\RaggedRightLeftskip=\skip67
\CenteringRightskip=\skip68
\RaggedLeftRightskip=\skip69
\RaggedRightRightskip=\skip70
\CenteringParfillskip=\skip71
\RaggedLeftParfillskip=\skip72
\RaggedRightParfillskip=\skip73
\JustifyingParfillskip=\skip74
\CenteringParindent=\skip75
\RaggedLeftParindent=\skip76
\RaggedRightParindent=\skip77
\JustifyingParindent=\skip78
)
("C:\Program Files\MiKTeX\tex/generic/babel\babel.sty"
Package: babel 2020/10/27 3.51 The Babel package

("C:\Program Files\MiKTeX\tex/generic/babel\babel.def"
File: babel.def 2020/10/27 3.51 Babel common definitions
\babel@savecnt=\count318
\U@D=\dimen283
\l@babelnohyphens=\language79

("C:\Program Files\MiKTeX\tex/generic/babel\txtbabel.def")
\bbl@readstream=\read3
)
LaTeX Info: Redefining \textlatin on input line 707.
\bbl@dirlevel=\count319

*************************************
* Local config file bblopts.cfg used
*
("C:\Program Files\MiKTeX\tex/latex/arabi\bblopts.cfg"
File: bblopts.cfg 2005/09/08 v0.1 add Arabic and Farsi to "declared" options of
 babel
)
(C:\Users\Rafa\AppData\Roaming\MiKTeX\tex/latex/babel-german\ngerman.ldf
Language: ngerman 2020/07/21 v2.12 German support for babel (post-1996 orthogra
phy)

(C:\Users\Rafa\AppData\Roaming\MiKTeX\tex/latex/babel-german\ngermanb.ldf
Language: ngermanb 2020/07/21 v2.12 German support for babel (post-1996 orthogr
aphy)
Package babel Info: Making " an active character on input line 121.
))
("C:\Program Files\MiKTeX\tex/latex/babel-english\english.ldf"
Language: english 2017/06/06 v3.3r English support from the babel system
Package babel Info: \l@canadian = using hyphenrules for english
(babel)             (\language0) on input line 102.
Package babel Info: \l@australian = using hyphenrules for ukenglish
(babel)             (\language73) on input line 105.
Package babel Info: \l@newzealand = using hyphenrules for ukenglish
(babel)             (\language73) on input line 108.
))
(C:\Users\Rafa\AppData\Roaming\MiKTeX\tex/latex/csquotes\csquotes.sty
Package: csquotes 2019-12-06 v5.2j context-sensitive quotations (JAW)
\csq@reset=\count320
\csq@gtype=\count321
\csq@glevel=\count322
\csq@qlevel=\count323
\csq@maxlvl=\count324
\csq@tshold=\count325
\csq@ltx@everypar=\toks47

(C:\Users\Rafa\AppData\Roaming\MiKTeX\tex/latex/csquotes\csquotes.def
File: csquotes.def 2019-12-06 v5.2j csquotes generic definitions (JAW)
)
Package csquotes Info: Trying to load configuration file 'csquotes.cfg'...
Package csquotes Info: ... configuration file loaded successfully.

(C:\Users\Rafa\AppData\Roaming\MiKTeX\tex/latex/csquotes\csquotes.cfg
File: csquotes.cfg 
)
Package csquotes Info: Option 'babel' depreciated.
(csquotes)             Using 'autostyle'.
Package csquotes Info: Enabling multilingual quotes.
Package csquotes Info: Redefining alias 'german' -> 'german/quotes'.
)
(C:\Users\Rafa\AppData\Roaming\MiKTeX\tex/latex/textpos\textpos.sty
Package: textpos 2020/09/26 v1.10

Package: textpos 2020/09/26 1.10, absolute positioning of text on the page
Package textpos Info: choosing support for LaTeX3 on input line 61.
\TP@textbox=\box77
\TPHorizModule=\dimen284
\TPVertModule=\dimen285
\TP@margin=\dimen286
\TP@absmargin=\dimen287
Grid set 16 x 16 = 22.7622pt x 17.07166pt
\TPboxrulesize=\dimen288
\TP@tbargs=\toks48
) ("C:\Program Files\MiKTeX\tex/latex/pgf/frontendlayer\tikz.sty"
("C:\Program Files\MiKTeX\tex/latex/pgf/basiclayer\pgf.sty"
Package: pgf 2020/10/01 v3.1.6a (3.1.6a)

("C:\Program Files\MiKTeX\tex/generic/pgf/modules\pgfmoduleshapes.code.tex"
File: pgfmoduleshapes.code.tex 2020/10/01 v3.1.6a (3.1.6a)
\pgfnodeparttextbox=\box78
)
("C:\Program Files\MiKTeX\tex/generic/pgf/modules\pgfmoduleplot.code.tex"
File: pgfmoduleplot.code.tex 2020/10/01 v3.1.6a (3.1.6a)
)
("C:\Program Files\MiKTeX\tex/latex/pgf/compatibility\pgfcomp-version-0-65.sty"
Package: pgfcomp-version-0-65 2020/10/01 v3.1.6a (3.1.6a)
\pgf@nodesepstart=\dimen289
\pgf@nodesepend=\dimen290
) ("C:\Program Files\MiKTeX\tex/latex/pgf/compatibility\pgfcomp-version-1-18.st
y"
Package: pgfcomp-version-1-18 2020/10/01 v3.1.6a (3.1.6a)
)) ("C:\Program Files\MiKTeX\tex/latex/pgf/utilities\pgffor.sty"
("C:\Program Files\MiKTeX\tex/latex/pgf/utilities\pgfkeys.sty"
("C:\Program Files\MiKTeX\tex/generic/pgf/utilities\pgfkeys.code.tex"))
("C:\Program Files\MiKTeX\tex/latex/pgf/math\pgfmath.sty"
("C:\Program Files\MiKTeX\tex/generic/pgf/math\pgfmath.code.tex"))
("C:\Program Files\MiKTeX\tex/generic/pgf/utilities\pgffor.code.tex"
Package: pgffor 2020/10/01 v3.1.6a (3.1.6a)

("C:\Program Files\MiKTeX\tex/generic/pgf/math\pgfmath.code.tex")
\pgffor@iter=\dimen291
\pgffor@skip=\dimen292
\pgffor@stack=\toks49
\pgffor@toks=\toks50
))
("C:\Program Files\MiKTeX\tex/generic/pgf/frontendlayer/tikz\tikz.code.tex"
Package: tikz 2020/10/01 v3.1.6a (3.1.6a)

("C:\Program Files\MiKTeX\tex/generic/pgf/libraries\pgflibraryplothandlers.code
.tex"
File: pgflibraryplothandlers.code.tex 2020/10/01 v3.1.6a (3.1.6a)
\pgf@plot@mark@count=\count326
\pgfplotmarksize=\dimen293
)
\tikz@lastx=\dimen294
\tikz@lasty=\dimen295
\tikz@lastxsaved=\dimen296
\tikz@lastysaved=\dimen297
\tikz@lastmovetox=\dimen298
\tikz@lastmovetoy=\dimen299
\tikzleveldistance=\dimen300
\tikzsiblingdistance=\dimen301
\tikz@figbox=\box79
\tikz@figbox@bg=\box80
\tikz@tempbox=\box81
\tikz@tempbox@bg=\box82
\tikztreelevel=\count327
\tikznumberofchildren=\count328
\tikznumberofcurrentchild=\count329
\tikz@fig@count=\count330

("C:\Program Files\MiKTeX\tex/generic/pgf/modules\pgfmodulematrix.code.tex"
File: pgfmodulematrix.code.tex 2020/10/01 v3.1.6a (3.1.6a)
\pgfmatrixcurrentrow=\count331
\pgfmatrixcurrentcolumn=\count332
\pgf@matrix@numberofcolumns=\count333
)
\tikz@expandcount=\count334

("C:\Program Files\MiKTeX\tex/generic/pgf/frontendlayer/tikz/libraries\tikzlibr
arytopaths.code.tex"
File: tikzlibrarytopaths.code.tex 2020/10/01 v3.1.6a (3.1.6a)
)))
("C:\Program Files\MiKTeX\tex/generic/pgf/frontendlayer/tikz/libraries\tikzlibr
aryshapes.arrows.code.tex"
File: tikzlibraryshapes.arrows.code.tex 2020/10/01 v3.1.6a (3.1.6a)

("C:\Program Files\MiKTeX\tex/generic/pgf/libraries/shapes\pgflibraryshapes.arr
ows.code.tex"
File: pgflibraryshapes.arrows.code.tex 2020/10/01 v3.1.6a (3.1.6a)
))
("C:\Program Files\MiKTeX\tex/generic/pgf/frontendlayer/tikz/libraries\tikzlibr
arycalc.code.tex"
File: tikzlibrarycalc.code.tex 2020/10/01 v3.1.6a (3.1.6a)
)
("C:\Program Files\MiKTeX\tex/generic/pgf/frontendlayer/tikz/libraries\tikzlibr
arydecorations.pathmorphing.code.tex"
("C:\Program Files\MiKTeX\tex/generic/pgf/frontendlayer/tikz/libraries\tikzlibr
arydecorations.code.tex"
("C:\Program Files\MiKTeX\tex/generic/pgf/modules\pgfmoduledecorations.code.tex
"
\pgfdecoratedcompleteddistance=\dimen302
\pgfdecoratedremainingdistance=\dimen303
\pgfdecoratedinputsegmentcompleteddistance=\dimen304
\pgfdecoratedinputsegmentremainingdistance=\dimen305
\pgf@decorate@distancetomove=\dimen306
\pgf@decorate@repeatstate=\count335
\pgfdecorationsegmentamplitude=\dimen307
\pgfdecorationsegmentlength=\dimen308
)
\tikz@lib@dec@box=\box83
)
("C:\Program Files\MiKTeX\tex/generic/pgf/libraries/decorations\pgflibrarydecor
ations.pathmorphing.code.tex"))
("C:\Program Files\MiKTeX\tex/generic/pgf/libraries\pgflibraryarrows.meta.code.
tex"
File: pgflibraryarrows.meta.code.tex 2020/10/01 v3.1.6a (3.1.6a)
\pgfarrowinset=\dimen309
\pgfarrowlength=\dimen310
\pgfarrowwidth=\dimen311
\pgfarrowlinewidth=\dimen312
)
("C:\Program Files\MiKTeX\tex/generic/pgf/frontendlayer/tikz/libraries\tikzlibr
aryshapes.misc.code.tex"
File: tikzlibraryshapes.misc.code.tex 2020/10/01 v3.1.6a (3.1.6a)

("C:\Program Files\MiKTeX\tex/generic/pgf/libraries/shapes\pgflibraryshapes.mis
c.code.tex"
File: pgflibraryshapes.misc.code.tex 2020/10/01 v3.1.6a (3.1.6a)
))
("C:\Program Files\MiKTeX\tex/generic/pgf/frontendlayer/tikz/libraries\tikzlibr
aryfit.code.tex"
File: tikzlibraryfit.code.tex 2020/10/01 v3.1.6a (3.1.6a)
)
(C:\Users\Rafa\AppData\Roaming\MiKTeX\tex/latex/shadowtext\shadowtext.sty
Package: shadowtext 2012/05/07 v0.3 Shadow Text
\st@shadowoffsetx=\skip79
\st@shadowoffsety=\skip80
\st@temp@width=\skip81
\st@temp@height=\skip82
\st@pic@width=\skip83
\st@pic@height=\skip84
)
(beamertheme-tud-4-3.sty (beamerfonttheme-tud-4-3.sty
LaTeX Font Info:    Trying to load font information for T1+ppl on input line 10
.

(C:\Users\Rafa\AppData\Roaming\MiKTeX\tex/latex/psnfss\t1ppl.fd
File: t1ppl.fd 2001/06/04 font definitions for T1/ppl.
)
(C:\Users\Rafa\AppData\Roaming\MiKTeX\tex/latex/beamer\beamerfontthemeserif.sty
)) (beamercolortheme-tud-4-3.sty) (beamerinnertheme-tud-4-3.sty)
(beameroutertheme-tud-4-3.sty
("C:\Program Files\MiKTeX\tex/generic/pgf/frontendlayer/tikz/libraries\tikzlibr
aryarrows.code.tex"
File: tikzlibraryarrows.code.tex 2020/10/01 v3.1.6a (3.1.6a)

("C:\Program Files\MiKTeX\tex/generic/pgf/libraries\pgflibraryarrows.code.tex"
File: pgflibraryarrows.code.tex 2020/10/01 v3.1.6a (3.1.6a)
\arrowsize=\dimen313
))
\progressbar@currentbarlength=\dimen314
\progressbar@framenumberrectangle=\dimen315
\progressbar@titlerectangle=\dimen316
\progressbar@leftbar=\dimen317
\progressbar@barlengthmm=\dimen318
\progressbar@tmpresult=\count336
\progressbar@numer=\count337
\progressbar@denom=\count338
\progressbar@barlength=\count339
)
("C:\Program Files\MiKTeX\tex/generic/pgf/frontendlayer/tikz/libraries\tikzlibr
aryshapes.callouts.code.tex"
("C:\Program Files\MiKTeX\tex/generic/pgf/libraries/shapes\pgflibraryshapes.cal
louts.code.tex"
("C:\Program Files\MiKTeX\tex/generic/pgf/libraries/shapes\pgflibraryshapes.sym
bols.code.tex"
File: pgflibraryshapes.symbols.code.tex 2020/10/01 v3.1.6a (3.1.6a)
))))
\@input{abbrev.aux}
\openout2 = `abbrev.aux'.

(abbrev.tex
(C:\Users\Rafa\AppData\Roaming\MiKTeX\tex/latex/doublestroke\dsfont.sty
Package: dsfont 1995/08/01 v0.1 Double stroke roman fonts
)
("C:\Program Files\MiKTeX\tex/latex/amsmath\amscd.sty"
Package: amscd 2017/04/14 v2.1 AMS Commutative Diagrams
\athelp@=\toks51
\minaw@=\dimen319
\bigaw@=\dimen320
\minCDarrowwidth=\dimen321
))
("C:\Program Files\MiKTeX\tex/latex/listings\listings.sty"
\lst@mode=\count340
\lst@gtempboxa=\box84
\lst@token=\toks52
\lst@length=\count341
\lst@currlwidth=\dimen322
\lst@column=\count342
\lst@pos=\count343
\lst@lostspace=\dimen323
\lst@width=\dimen324
\lst@newlines=\count344
\lst@lineno=\count345
\lst@maxwidth=\dimen325

("C:\Program Files\MiKTeX\tex/latex/listings\lstmisc.sty"
File: lstmisc.sty 2020/03/24 1.8d (Carsten Heinz)
\c@lstnumber=\count346
\lst@skipnumbers=\count347
\lst@framebox=\box85
)
("C:\Program Files\MiKTeX\tex/latex/listings\listings.cfg"
File: listings.cfg 2020/03/24 1.8d listings configuration
))
Package: listings 2020/03/24 1.8d (Carsten Heinz)

("C:\Program Files\MiKTeX\tex/latex/listings\lstlang1.sty"
File: lstlang1.sty 2020/03/24 1.8d listings language file
)
("C:\Program Files\MiKTeX\tex/latex/listings\lstlang2.sty"
File: lstlang2.sty 2020/03/24 1.8d listings language file
)
("C:\Program Files\MiKTeX\tex/latex/listings\lstlang3.sty"
File: lstlang3.sty 2020/03/24 1.8d listings language file
)
("C:\Program Files\MiKTeX\tex/latex/listings\lstlang1.sty"
File: lstlang1.sty 2020/03/24 1.8d listings language file
)
("C:\Program Files\MiKTeX\tex/latex/listings\lstlang2.sty"
File: lstlang2.sty 2020/03/24 1.8d listings language file
)
("C:\Program Files\MiKTeX\tex/latex/listings\lstlang3.sty"
File: lstlang3.sty 2020/03/24 1.8d listings language file
)
("C:\Program Files\MiKTeX\tex/latex/listings\lstlang1.sty"
File: lstlang1.sty 2020/03/24 1.8d listings language file
)
("C:\Program Files\MiKTeX\tex/latex/listings\lstlang2.sty"
File: lstlang2.sty 2020/03/24 1.8d listings language file
)
("C:\Program Files\MiKTeX\tex/latex/listings\lstlang3.sty"
File: lstlang3.sty 2020/03/24 1.8d listings language file
)
("C:\Program Files\MiKTeX\tex/latex/listings\lstmisc.sty"
File: lstmisc.sty 2020/03/24 1.8d (Carsten Heinz)
)
(C:\Users\Rafa\AppData\Roaming\MiKTeX\tex/latex/fancybox\fancybox.sty
Package: fancybox 2010/05/15 1.4

Style option: `fancybox' v1.4 <2010/05/15> (tvz)
\@fancybox=\box86
\shadowsize=\dimen326
\@Sbox=\box87
\do@VerbBox=\toks53
\the@fancyput=\toks54
\this@fancyput=\toks55
\EndVerbatimTokens=\toks56
\Verbatim@Outfile=\write5
\Verbatim@Infile=\read4
) ("C:\Program Files\MiKTeX\tex/latex/lm\lmodern.sty"
Package: lmodern 2009/10/30 v1.6 Latin Modern Fonts
LaTeX Font Info:    Overwriting symbol font `operators' in version `normal'
(Font)                  OT1/cmr/m/n --> OT1/lmr/m/n on input line 22.
LaTeX Font Info:    Overwriting symbol font `letters' in version `normal'
(Font)                  OML/cmm/m/it --> OML/lmm/m/it on input line 23.
LaTeX Font Info:    Overwriting symbol font `symbols' in version `normal'
(Font)                  OMS/cmsy/m/n --> OMS/lmsy/m/n on input line 24.
LaTeX Font Info:    Overwriting symbol font `largesymbols' in version `normal'
(Font)                  OMX/cmex/m/n --> OMX/lmex/m/n on input line 25.
LaTeX Font Info:    Overwriting symbol font `operators' in version `bold'
(Font)                  OT1/cmr/bx/n --> OT1/lmr/bx/n on input line 26.
LaTeX Font Info:    Overwriting symbol font `letters' in version `bold'
(Font)                  OML/cmm/b/it --> OML/lmm/b/it on input line 27.
LaTeX Font Info:    Overwriting symbol font `symbols' in version `bold'
(Font)                  OMS/cmsy/b/n --> OMS/lmsy/b/n on input line 28.
LaTeX Font Info:    Overwriting symbol font `largesymbols' in version `bold'
(Font)                  OMX/cmex/m/n --> OMX/lmex/m/n on input line 29.
LaTeX Font Info:    Overwriting math alphabet `\mathbf' in version `normal'
(Font)                  OT1/cmr/bx/n --> OT1/lmr/bx/n on input line 31.
LaTeX Font Info:    Overwriting math alphabet `\mathsf' in version `normal'
(Font)                  OT1/cmss/m/n --> OT1/lmss/m/n on input line 32.
LaTeX Font Info:    Overwriting math alphabet `\mathit' in version `normal'
(Font)                  OT1/cmr/m/it --> OT1/lmr/m/it on input line 33.
LaTeX Font Info:    Overwriting math alphabet `\mathtt' in version `normal'
(Font)                  OT1/cmtt/m/n --> OT1/lmtt/m/n on input line 34.
LaTeX Font Info:    Overwriting math alphabet `\mathbf' in version `bold'
(Font)                  OT1/cmr/bx/n --> OT1/lmr/bx/n on input line 35.
LaTeX Font Info:    Overwriting math alphabet `\mathsf' in version `bold'
(Font)                  OT1/cmss/bx/n --> OT1/lmss/bx/n on input line 36.
LaTeX Font Info:    Overwriting math alphabet `\mathit' in version `bold'
(Font)                  OT1/cmr/bx/it --> OT1/lmr/bx/it on input line 37.
LaTeX Font Info:    Overwriting math alphabet `\mathtt' in version `bold'
(Font)                  OT1/cmtt/m/n --> OT1/lmtt/m/n on input line 38.
)
Package csquotes Info: Checking for multilingual support...
Package csquotes Info: ... found 'babel' package.
LaTeX Font Info:    Trying to load font information for T1+lmss on input line 1
49.

("C:\Program Files\MiKTeX\tex/latex/lm\t1lmss.fd"
File: t1lmss.fd 2009/10/30 v1.6 Font defs for Latin Modern
)
("C:\Program Files\MiKTeX\tex/latex/l3backend\l3backend-pdftex.def"
File: l3backend-pdftex.def 2020-09-24 L3 backend support: PDF output (pdfTeX)
\l__kernel_color_stack_int=\count348
\l__pdf_internal_box=\box88
)
(LaTeX_Einfuehrung.aux (inhalt/intro.aux))
\openout1 = `LaTeX_Einfuehrung.aux'.

LaTeX Font Info:    Checking defaults for OML/cmm/m/it on input line 149.
LaTeX Font Info:    ... okay on input line 149.
LaTeX Font Info:    Checking defaults for OMS/cmsy/m/n on input line 149.
LaTeX Font Info:    ... okay on input line 149.
LaTeX Font Info:    Checking defaults for OT1/cmr/m/n on input line 149.
LaTeX Font Info:    ... okay on input line 149.
LaTeX Font Info:    Checking defaults for T1/cmr/m/n on input line 149.
LaTeX Font Info:    ... okay on input line 149.
LaTeX Font Info:    Checking defaults for TS1/cmr/m/n on input line 149.
LaTeX Font Info:    ... okay on input line 149.
LaTeX Font Info:    Checking defaults for OMX/cmex/m/n on input line 149.
LaTeX Font Info:    ... okay on input line 149.
LaTeX Font Info:    Checking defaults for U/cmr/m/n on input line 149.
LaTeX Font Info:    ... okay on input line 149.
LaTeX Font Info:    Checking defaults for PD1/pdf/m/n on input line 149.
LaTeX Font Info:    ... okay on input line 149.

*geometry* driver: auto-detecting
*geometry* detected driver: pdftex
*geometry* verbose mode - [ preamble ] result:
* driver: pdftex
* paper: custom
* layout: <same size as paper>
* layoutoffset:(h,v)=(0.0pt,0.0pt)
* modes: includehead includefoot 
* h-part:(L,W,R)=(28.45274pt, 665.79451pt, 28.45274pt)
* v-part:(T,H,B)=(0.0pt, 542.025pt, 0.0pt)
* \paperwidth=722.7pt
* \paperheight=542.025pt
* \textwidth=665.79451pt
* \textheight=513.57227pt
* \oddsidemargin=-43.81725pt
* \evensidemargin=-43.81725pt
* \topmargin=-72.26999pt
* \headheight=14.22636pt
* \headsep=0.0pt
* \topskip=11.0pt
* \footskip=14.22636pt
* \marginparwidth=4.0pt
* \marginparsep=10.0pt
* \columnsep=10.0pt
* \skip\footins=10.0pt plus 4.0pt minus 2.0pt
* \hoffset=0.0pt
* \voffset=0.0pt
* \mag=1000
* \@twocolumnfalse
* \@twosidefalse
* \@mparswitchfalse
* \@reversemarginfalse
* (1in=72.27pt=25.4mm, 1cm=28.453pt)

("C:\Program Files\MiKTeX\tex/context/base/mkii\supp-pdf.mkii"
[Loading MPS to PDF converter (version 2006.09.02).]
\scratchcounter=\count349
\scratchdimen=\dimen327
\scratchbox=\box89
\nofMPsegments=\count350
\nofMParguments=\count351
\everyMPshowfont=\toks57
\MPscratchCnt=\count352
\MPscratchDim=\dimen328
\MPnumerator=\count353
\makeMPintoPDFobject=\count354
\everyMPtoPDFconversion=\toks58
) ("C:\Program Files\MiKTeX\tex/latex/epstopdf-pkg\epstopdf-base.sty"
Package: epstopdf-base 2020-01-24 v2.11 Base part for package epstopdf
Package epstopdf-base Info: Redefining graphics rule for `.eps' on input line 4
85.
)
Package hyperref Info: Link coloring OFF on input line 149.

("C:\Program Files\MiKTeX\tex/latex/hyperref\nameref.sty"
Package: nameref 2019/09/16 v2.46 Cross-referencing by name of section

(C:\Users\Rafa\AppData\Roaming\MiKTeX\tex/latex/refcount\refcount.sty
Package: refcount 2019/12/15 v3.6 Data extraction from label references (HO)
)
(C:\Users\Rafa\AppData\Roaming\MiKTeX\tex/generic/gettitlestring\gettitlestring
.sty
Package: gettitlestring 2019/12/15 v1.6 Cleanup title references (HO)
)
\c@section@level=\count355
)
LaTeX Info: Redefining \ref on input line 149.
LaTeX Info: Redefining \pageref on input line 149.
LaTeX Info: Redefining \nameref on input line 149.
 (LaTeX_Einfuehrung.out) (LaTeX_Einfuehrung.out)
\@outlinefile=\write6
\openout6 = `LaTeX_Einfuehrung.out'.


(C:\Users\Rafa\AppData\Roaming\MiKTeX\tex/latex/translator\translator-basic-dic
tionary-English.dict
Dictionary: translator-basic-dictionary, Language: English 
)
(C:\Users\Rafa\AppData\Roaming\MiKTeX\tex/latex/translator\translator-bibliogra
phy-dictionary-English.dict
Dictionary: translator-bibliography-dictionary, Language: English 
)
(C:\Users\Rafa\AppData\Roaming\MiKTeX\tex/latex/translator\translator-environme
nt-dictionary-English.dict
Dictionary: translator-environment-dictionary, Language: English 
)
(C:\Users\Rafa\AppData\Roaming\MiKTeX\tex/latex/translator\translator-months-di
ctionary-English.dict
Dictionary: translator-months-dictionary, Language: English 
)
(C:\Users\Rafa\AppData\Roaming\MiKTeX\tex/latex/translator\translator-numbers-d
ictionary-English.dict
Dictionary: translator-numbers-dictionary, Language: English 
)
(C:\Users\Rafa\AppData\Roaming\MiKTeX\tex/latex/translator\translator-theorem-d
ictionary-English.dict
Dictionary: translator-theorem-dictionary, Language: English 
) ABD: EverySelectfont initializing macros
LaTeX Info: Redefining \selectfont on input line 149.
\c@lstlisting=\count356

(LaTeX_Einfuehrung.nav)
Overfull \hbox (963.1258pt too wide) in paragraph at lines 149--149
[][] 
 []


Overfull \hbox (5.02052pt too wide) in paragraph at lines 149--149
[][] 
 []

LaTeX Font Info:    Trying to load font information for OT1+lmr on input line 1
49.
("C:\Program Files\MiKTeX\tex/latex/lm\ot1lmr.fd"
File: ot1lmr.fd 2009/10/30 v1.6 Font defs for Latin Modern
)
LaTeX Font Info:    Trying to load font information for OML+lmm on input line 1
49.

("C:\Program Files\MiKTeX\tex/latex/lm\omllmm.fd"
File: omllmm.fd 2009/10/30 v1.6 Font defs for Latin Modern
)
LaTeX Font Info:    Trying to load font information for OMS+lmsy on input line 
149.

("C:\Program Files\MiKTeX\tex/latex/lm\omslmsy.fd"
File: omslmsy.fd 2009/10/30 v1.6 Font defs for Latin Modern
)
LaTeX Font Info:    Trying to load font information for OMX+lmex on input line 
149.

("C:\Program Files\MiKTeX\tex/latex/lm\omxlmex.fd"
File: omxlmex.fd 2009/10/30 v1.6 Font defs for Latin Modern
)
LaTeX Font Info:    External font `lmex10' loaded for size
(Font)              <6> on input line 149.
LaTeX Font Info:    External font `lmex10' loaded for size
(Font)              <5> on input line 149.
LaTeX Font Info:    Trying to load font information for U+msa on input line 149
.

("C:\Program Files\MiKTeX\tex/latex/amsfonts\umsa.fd"
File: umsa.fd 2013/01/14 v3.01 AMS symbols A
)
LaTeX Font Info:    Trying to load font information for U+msb on input line 149
.

("C:\Program Files\MiKTeX\tex/latex/amsfonts\umsb.fd"
File: umsb.fd 2013/01/14 v3.01 AMS symbols B
)
Underfull \hbox (badness 10000) in paragraph at lines 149--149
 []|\T1/lmss/m/n/10 December 10, 2020|
 []


Underfull \hbox (badness 10000) in paragraph at lines 149--149
 []||
 []


Underfull \hbox (badness 10000) in paragraph at lines 149--149
 []|\T1/lmss/m/n/10 Raphael Mün-ster|
 []


Underfull \hbox (badness 10000) in paragraph at lines 149--149
 []|[][][]|
 []


Overfull \hbox (1105.90955pt too wide) in paragraph at lines 157--157
[][] 
 []


Underfull \hbox (badness 10000) in paragraph at lines 157--157

 []


Overfull \hbox (105.15877pt too wide) in paragraph at lines 157--157
 [][]
 []


Overfull \hbox (194.55212pt too wide) in paragraph at lines 157--157
 [][]
 []


Overfull \hbox (56.90169pt too wide) in paragraph at lines 157--157
[][][]  
 []

[1




{C:/Users/Rafa/AppData/Local/MiKTeX/pdftex/config/pdftex.map} <./img/m_fak.pdf>
 <./img/tud.pdf>]

Package hyperref Warning: Option `pdfauthor' has already been used,
(hyperref)                setting the option has no effect on input line 160.

\openout2 = `inhalt/intro.aux'.

(inhalt/intro.tex
Overfull \hbox (5.02052pt too wide) has occurred while \output is active
[][] 
 []


Underfull \hbox (badness 10000) has occurred while \output is active
 []|\T1/lmss/m/n/10 December 10, 2020|
 []


Underfull \hbox (badness 10000) has occurred while \output is active
 []||
 []


Underfull \hbox (badness 10000) has occurred while \output is active
 []|\T1/lmss/m/n/10 Raphael Mün-ster|
 []


Underfull \hbox (badness 10000) has occurred while \output is active
 []|[][][]|
 []


Overfull \hbox (963.1258pt too wide) has occurred while \output is active
[][] 
 []

[2


 <./img/tud.pdf>]
Overfull \hbox (5.02052pt too wide) has occurred while \output is active
[][] 
 []


Underfull \hbox (badness 10000) has occurred while \output is active
 []|\T1/lmss/m/n/10 December 10, 2020|
 []


Underfull \hbox (badness 10000) has occurred while \output is active
 []||
 []


Underfull \hbox (badness 10000) has occurred while \output is active
 []|\T1/lmss/m/n/10 Raphael Mün-ster|
 []


Underfull \hbox (badness 10000) has occurred while \output is active
 []|[][][]|
 []


Overfull \hbox (963.1258pt too wide) has occurred while \output is active
[][] 
 []

[3

]
Overfull \hbox (5.02052pt too wide) has occurred while \output is active
[][] 
 []


Underfull \hbox (badness 10000) has occurred while \output is active
 []|\T1/lmss/m/n/10 December 10, 2020|
 []


Underfull \hbox (badness 10000) has occurred while \output is active
 []||
 []


Underfull \hbox (badness 10000) has occurred while \output is active
 []|\T1/lmss/m/n/10 Raphael Mün-ster|
 []


Underfull \hbox (badness 10000) has occurred while \output is active
 []|[][][]|
 []


Overfull \hbox (963.1258pt too wide) has occurred while \output is active
[][] 
 []

[4

]
Overfull \hbox (5.02052pt too wide) has occurred while \output is active
[][] 
 []


Underfull \hbox (badness 10000) has occurred while \output is active
 []|\T1/lmss/m/n/10 December 10, 2020|
 []


Underfull \hbox (badness 10000) has occurred while \output is active
 []||
 []


Underfull \hbox (badness 10000) has occurred while \output is active
 []|\T1/lmss/m/n/10 Raphael Mün-ster|
 []


Underfull \hbox (badness 10000) has occurred while \output is active
 []|[][][]|
 []


Overfull \hbox (963.1258pt too wide) has occurred while \output is active
[][] 
 []

[5

]
<screenshots/pv-gui.png, id=66, 1929.609pt x 1043.097pt>
File: screenshots/pv-gui.png Graphic file (type png)
<use screenshots/pv-gui.png>
Package pdftex.def Info: screenshots/pv-gui.png  used on input line 114.
(pdftex.def)             Requested size: 1929.6043pt x 1043.09447pt.

Overfull \hbox (5.02052pt too wide) has occurred while \output is active
[][] 
 []


Underfull \hbox (badness 10000) has occurred while \output is active
 []|\T1/lmss/m/n/10 December 10, 2020|
 []


Underfull \hbox (badness 10000) has occurred while \output is active
 []||
 []


Underfull \hbox (badness 10000) has occurred while \output is active
 []|\T1/lmss/m/n/10 Raphael Mün-ster|
 []


Underfull \hbox (badness 10000) has occurred while \output is active
 []|[][][]|
 []


Overfull \hbox (963.1258pt too wide) has occurred while \output is active
[][] 
 []

[6

 <./screenshots/pv-gui.png>]
\openout4 = `LaTeX_Einfuehrung.vrb'.

 (LaTeX_Einfuehrung.vrb
LaTeX Font Info:    Trying to load font information for T1+lmtt on input line 1
0.

("C:\Program Files\MiKTeX\tex/latex/lm\t1lmtt.fd"
File: t1lmtt.fd 2009/10/30 v1.6 Font defs for Latin Modern
)
<screenshots/filters.png, id=75, 201.75375pt x 258.9675pt>
File: screenshots/filters.png Graphic file (type png)
<use screenshots/filters.png>
Package pdftex.def Info: screenshots/filters.png  used on input line 18.
(pdftex.def)             Requested size: 201.75325pt x 258.96684pt.
LaTeX Font Info:    Calculating math sizes for size <20> on input line 22.
LaTeX Font Info:    External font `lmex10' loaded for size
(Font)              <20> on input line 22.
LaTeX Font Info:    External font `lmex10' loaded for size
(Font)              <13.99994> on input line 22.
LaTeX Font Info:    External font `lmex10' loaded for size
(Font)              <10> on input line 22.
<screenshots/begin-filter.png, id=76, 1284.8pt x 722.7pt>
File: screenshots/begin-filter.png Graphic file (type png)
<use screenshots/begin-filter.png>
Package pdftex.def Info: screenshots/begin-filter.png  used on input line 28.
(pdftex.def)             Requested size: 1284.79688pt x 722.69823pt.
<screenshots/end-filter.png, id=77, 303.534pt x 170.82pt>
File: screenshots/end-filter.png Graphic file (type png)
<use screenshots/end-filter.png>
Package pdftex.def Info: screenshots/end-filter.png  used on input line 39.
(pdftex.def)             Requested size: 303.53325pt x 170.81958pt.
)
Overfull \vbox (19.5962pt too high) detected at line 160
 []


Overfull \hbox (5.02052pt too wide) has occurred while \output is active
[][] 
 []


Underfull \hbox (badness 10000) has occurred while \output is active
 []|\T1/lmss/m/n/10 December 10, 2020|
 []


Underfull \hbox (badness 10000) has occurred while \output is active
 []||
 []


Underfull \hbox (badness 10000) has occurred while \output is active
 []|\T1/lmss/m/n/10 Raphael Mün-ster|
 []


Underfull \hbox (badness 10000) has occurred while \output is active
 []|[][][]|
 []


Overfull \hbox (963.1258pt too wide) has occurred while \output is active
[][] 
 []

[7

 <./screenshots/filters.png> <./screenshots/begin-filter.png (PNG copy)> <./scr
eenshots/end-filter.png>]
<screenshots/pipeline0.png, id=87, 1942.25626pt x 1042.89626pt>
File: screenshots/pipeline0.png Graphic file (type png)
<use screenshots/pipeline0.png>
Package pdftex.def Info: screenshots/pipeline0.png  used on input line 165.
(pdftex.def)             Requested size: 632.50275pt x 339.62154pt.
 [8

 <./screenshots/pipeline0.png (PNG copy)>]
<screenshots/filter-apply.png, id=93, 1340.00626pt x 1008.76875pt>
File: screenshots/filter-apply.png Graphic file (type png)
<use screenshots/filter-apply.png>
Package pdftex.def Info: screenshots/filter-apply.png  used on input line 172.
(pdftex.def)             Requested size: 466.05412pt x 350.84244pt.

Overfull \vbox (24.79065pt too high) detected at line 172
 []


Overfull \hbox (5.02052pt too wide) has occurred while \output is active
[][] 
 []


Underfull \hbox (badness 10000) has occurred while \output is active
 []|\T1/lmss/m/n/10 December 10, 2020|
 []


Underfull \hbox (badness 10000) has occurred while \output is active
 []||
 []


Underfull \hbox (badness 10000) has occurred while \output is active
 []|\T1/lmss/m/n/10 Raphael Mün-ster|
 []


Underfull \hbox (badness 10000) has occurred while \output is active
 []|[][][]|
 []


Overfull \hbox (963.1258pt too wide) has occurred while \output is active
[][] 
 []

[9

 <./screenshots/filter-apply.png (PNG copy)>]
Overfull \hbox (5.02052pt too wide) has occurred while \output is active
[][] 
 []


Underfull \hbox (badness 10000) has occurred while \output is active
 []|\T1/lmss/m/n/10 December 10, 2020|
 []


Underfull \hbox (badness 10000) has occurred while \output is active
 []||
 []


Underfull \hbox (badness 10000) has occurred while \output is active
 []|\T1/lmss/m/n/10 Raphael Mün-ster|
 []


Underfull \hbox (badness 10000) has occurred while \output is active
 []|[][][]|
 []


Overfull \hbox (963.1258pt too wide) has occurred while \output is active
[][] 
 []

[10

]
<screenshots/camerabar.png, id=107, 438.63875pt x 36.135pt>
File: screenshots/camerabar.png Graphic file (type png)
<use screenshots/camerabar.png>
Package pdftex.def Info: screenshots/camerabar.png  used on input line 199.
(pdftex.def)             Requested size: 665.79451pt x 54.84909pt.

Overfull \hbox (5.02052pt too wide) has occurred while \output is active
[][] 
 []


Underfull \hbox (badness 10000) has occurred while \output is active
 []|\T1/lmss/m/n/10 December 10, 2020|
 []


Underfull \hbox (badness 10000) has occurred while \output is active
 []||
 []


Underfull \hbox (badness 10000) has occurred while \output is active
 []|\T1/lmss/m/n/10 Raphael Mün-ster|
 []


Underfull \hbox (badness 10000) has occurred while \output is active
 []|[][][]|
 []


Overfull \hbox (963.1258pt too wide) has occurred while \output is active
[][] 
 []

[11

 <./screenshots/camerabar.png>]
LaTeX Font Info:    Font shape `T1/lmss/m/it' in size <20> not available
(Font)              Font shape `T1/lmss/m/sl' tried instead on input line 217.

Overfull \hbox (5.02052pt too wide) has occurred while \output is active
[][] 
 []


Underfull \hbox (badness 10000) has occurred while \output is active
 []|\T1/lmss/m/n/10 December 10, 2020|
 []


Underfull \hbox (badness 10000) has occurred while \output is active
 []||
 []


Underfull \hbox (badness 10000) has occurred while \output is active
 []|\T1/lmss/m/n/10 Raphael Mün-ster|
 []


Underfull \hbox (badness 10000) has occurred while \output is active
 []|[][][]|
 []


Overfull \hbox (963.1258pt too wide) has occurred while \output is active
[][] 
 []

[12

]
Overfull \hbox (5.02052pt too wide) has occurred while \output is active
[][] 
 []


Underfull \hbox (badness 10000) has occurred while \output is active
 []|\T1/lmss/m/n/10 December 10, 2020|
 []


Underfull \hbox (badness 10000) has occurred while \output is active
 []||
 []


Underfull \hbox (badness 10000) has occurred while \output is active
 []|\T1/lmss/m/n/10 Raphael Mün-ster|
 []


Underfull \hbox (badness 10000) has occurred while \output is active
 []|[][][]|
 []


Overfull \hbox (963.1258pt too wide) has occurred while \output is active
[][] 
 []

[13

]
Overfull \hbox (5.02052pt too wide) has occurred while \output is active
[][] 
 []


Underfull \hbox (badness 10000) has occurred while \output is active
 []|\T1/lmss/m/n/10 December 10, 2020|
 []


Underfull \hbox (badness 10000) has occurred while \output is active
 []||
 []


Underfull \hbox (badness 10000) has occurred while \output is active
 []|\T1/lmss/m/n/10 Raphael Mün-ster|
 []


Underfull \hbox (badness 10000) has occurred while \output is active
 []|[][][]|
 []


Overfull \hbox (963.1258pt too wide) has occurred while \output is active
[][] 
 []

[14

]
Overfull \hbox (5.02052pt too wide) has occurred while \output is active
[][] 
 []


Underfull \hbox (badness 10000) has occurred while \output is active
 []|\T1/lmss/m/n/10 December 10, 2020|
 []


Underfull \hbox (badness 10000) has occurred while \output is active
 []||
 []


Underfull \hbox (badness 10000) has occurred while \output is active
 []|\T1/lmss/m/n/10 Raphael Mün-ster|
 []


Underfull \hbox (badness 10000) has occurred while \output is active
 []|[][][]|
 []


Overfull \hbox (963.1258pt too wide) has occurred while \output is active
[][] 
 []

[15

]
<screenshots/load-state-file.png, id=140, 1920.17375pt x 1026.83624pt>
File: screenshots/load-state-file.png Graphic file (type png)
<use screenshots/load-state-file.png>
Package pdftex.def Info: screenshots/load-state-file.png  used on input line 24
6.
(pdftex.def)             Requested size: 665.79451pt x 356.04506pt.
 [16

 <./screenshots/load-state-file.png>]
LaTeX Font Info:    Font shape `T1/lmtt/bx/n' in size <20> not available
(Font)              Font shape `T1/lmtt/b/n' tried instead on input line 263.

Overfull \hbox (5.02052pt too wide) has occurred while \output is active
[][] 
 []


Underfull \hbox (badness 10000) has occurred while \output is active
 []|\T1/lmss/m/n/10 December 10, 2020|
 []


Underfull \hbox (badness 10000) has occurred while \output is active
 []||
 []


Underfull \hbox (badness 10000) has occurred while \output is active
 []|\T1/lmss/m/n/10 Raphael Mün-ster|
 []


Underfull \hbox (badness 10000) has occurred while \output is active
 []|[][][]|
 []


Overfull \hbox (963.1258pt too wide) has occurred while \output is active
[][] 
 []

[17

]
<screenshots/warp-by-scalar.png, id=154, 1005.7575pt x 820.06375pt>
File: screenshots/warp-by-scalar.png Graphic file (type png)
<use screenshots/warp-by-scalar.png>
Package pdftex.def Info: screenshots/warp-by-scalar.png  used on input line 284
.
(pdftex.def)             Requested size: 1005.75505pt x 820.06175pt.
<screenshots/contours.png, id=155, 1601.985pt x 305.14pt>
File: screenshots/contours.png Graphic file (type png)
<use screenshots/contours.png>
Package pdftex.def Info: screenshots/contours.png  used on input line 284.
(pdftex.def)             Requested size: 1601.98111pt x 305.13924pt.
<screenshots/contours_few.png, id=156, 1612.0225pt x 327.2225pt>
File: screenshots/contours_few.png Graphic file (type png)
<use screenshots/contours_few.png>
Package pdftex.def Info: screenshots/contours_few.png  used on input line 284.
(pdftex.def)             Requested size: 1612.01859pt x 327.2217pt.
<screenshots/glyphs.png, id=157, 1526.70375pt x 820.06375pt>
File: screenshots/glyphs.png Graphic file (type png)
<use screenshots/glyphs.png>
Package pdftex.def Info: screenshots/glyphs.png  used on input line 284.
(pdftex.def)             Requested size: 1526.70004pt x 820.06175pt.

Overfull \hbox (5.02052pt too wide) has occurred while \output is active
[][] 
 []


Underfull \hbox (badness 10000) has occurred while \output is active
 []|\T1/lmss/m/n/10 December 10, 2020|
 []


Underfull \hbox (badness 10000) has occurred while \output is active
 []||
 []


Underfull \hbox (badness 10000) has occurred while \output is active
 []|\T1/lmss/m/n/10 Raphael Mün-ster|
 []


Underfull \hbox (badness 10000) has occurred while \output is active
 []|[][][]|
 []


Overfull \hbox (963.1258pt too wide) has occurred while \output is active
[][] 
 []

[18

 <./screenshots/warp-by-scalar.png (PNG copy)> <./screenshots/contours.png> <./
screenshots/contours_few.png> <./screenshots/glyphs.png (PNG copy)>]
<screenshots/surface_lic_final.png, id=166, 1456.44125pt x 283.0575pt>
File: screenshots/surface_lic_final.png Graphic file (type png)
<use screenshots/surface_lic_final.png>
Package pdftex.def Info: screenshots/surface_lic_final.png  used on input line 
301.
(pdftex.def)             Requested size: 1456.4377pt x 283.0568pt.
<screenshots/streamlines.png, id=167, 1514.65875pt x 429.605pt>
File: screenshots/streamlines.png Graphic file (type png)
<use screenshots/streamlines.png>
Package pdftex.def Info: screenshots/streamlines.png  used on input line 301.
(pdftex.def)             Requested size: 1514.65506pt x 429.60394pt.

Overfull \hbox (5.02052pt too wide) has occurred while \output is active
[][] 
 []


Underfull \hbox (badness 10000) has occurred while \output is active
 []|\T1/lmss/m/n/10 December 10, 2020|
 []


Underfull \hbox (badness 10000) has occurred while \output is active
 []||
 []


Underfull \hbox (badness 10000) has occurred while \output is active
 []|\T1/lmss/m/n/10 Raphael Mün-ster|
 []


Underfull \hbox (badness 10000) has occurred while \output is active
 []|[][][]|
 []


Overfull \hbox (963.1258pt too wide) has occurred while \output is active
[][] 
 []

[19

 <./screenshots/surface_lic_final.png> <./screenshots/streamlines.png>]
<screenshots/transient.png, id=177, 1163.34625pt x 244.915pt>
File: screenshots/transient.png Graphic file (type png)
<use screenshots/transient.png>
Package pdftex.def Info: screenshots/transient.png  used on input line 319.
(pdftex.def)             Requested size: 599.21098pt x 126.14943pt.

Overfull \hbox (5.02052pt too wide) has occurred while \output is active
[][] 
 []


Underfull \hbox (badness 10000) has occurred while \output is active
 []|\T1/lmss/m/n/10 December 10, 2020|
 []


Underfull \hbox (badness 10000) has occurred while \output is active
 []||
 []


Underfull \hbox (badness 10000) has occurred while \output is active
 []|\T1/lmss/m/n/10 Raphael Mün-ster|
 []


Underfull \hbox (badness 10000) has occurred while \output is active
 []|[][][]|
 []


Overfull \hbox (963.1258pt too wide) has occurred while \output is active
[][] 
 []

[20

 <./screenshots/transient.png (PNG copy)>]
<screenshots/tracer-source.png, id=184, 1367.1075pt x 856.19875pt>
File: screenshots/tracer-source.png Graphic file (type png)
<use screenshots/tracer-source.png>
Package pdftex.def Info: screenshots/tracer-source.png  used on input line 333.

(pdftex.def)             Requested size: 332.89725pt x 208.48367pt.

Overfull \hbox (5.02052pt too wide) has occurred while \output is active
[][] 
 []


Underfull \hbox (badness 10000) has occurred while \output is active
 []|\T1/lmss/m/n/10 December 10, 2020|
 []


Underfull \hbox (badness 10000) has occurred while \output is active
 []||
 []


Underfull \hbox (badness 10000) has occurred while \output is active
 []|\T1/lmss/m/n/10 Raphael Mün-ster|
 []


Underfull \hbox (badness 10000) has occurred while \output is active
 []|[][][]|
 []


Overfull \hbox (963.1258pt too wide) has occurred while \output is active
[][] 
 []

[21

 <./screenshots/tracer-source.png>]
Overfull \hbox (23.60458pt too wide) in paragraph at lines 347--347
[][][][][][][][]  
 []

<screenshots/particle-tracer.png, id=192, 1351.0475pt x 266.9975pt>
File: screenshots/particle-tracer.png Graphic file (type png)
<use screenshots/particle-tracer.png>
Package pdftex.def Info: screenshots/particle-tracer.png  used on input line 34
7.
(pdftex.def)             Requested size: 665.79451pt x 131.57953pt.

Overfull \hbox (5.02052pt too wide) has occurred while \output is active
[][] 
 []


Underfull \hbox (badness 10000) has occurred while \output is active
 []|\T1/lmss/m/n/10 December 10, 2020|
 []


Underfull \hbox (badness 10000) has occurred while \output is active
 []||
 []


Underfull \hbox (badness 10000) has occurred while \output is active
 []|\T1/lmss/m/n/10 Raphael Mün-ster|
 []


Underfull \hbox (badness 10000) has occurred while \output is active
 []|[][][]|
 []


Overfull \hbox (963.1258pt too wide) has occurred while \output is active
[][] 
 []

[22

 <./screenshots/particle-tracer.png>]
Overfull \vbox (0.93143pt too high) detected at line 363
 []


Overfull \hbox (5.02052pt too wide) has occurred while \output is active
[][] 
 []


Underfull \hbox (badness 10000) has occurred while \output is active
 []|\T1/lmss/m/n/10 December 10, 2020|
 []


Underfull \hbox (badness 10000) has occurred while \output is active
 []||
 []


Underfull \hbox (badness 10000) has occurred while \output is active
 []|\T1/lmss/m/n/10 Raphael Mün-ster|
 []


Underfull \hbox (badness 10000) has occurred while \output is active
 []|[][][]|
 []


Overfull \hbox (963.1258pt too wide) has occurred while \output is active
[][] 
 []

[23

]
LaTeX Font Info:    Trying to load font information for TS1+lmtt on input line 
394.
 ("C:\Program Files\MiKTeX\tex/latex/lm\ts1lmtt.fd"
File: ts1lmtt.fd 2009/10/30 v1.6 Font defs for Latin Modern
)
LaTeX Font Info:    Font shape `TS1/lmtt/bx/n' in size <20> not available
(Font)              Font shape `TS1/lmtt/b/n' tried instead on input line 394.

Overfull \hbox (5.02052pt too wide) has occurred while \output is active
[][] 
 []


Underfull \hbox (badness 10000) has occurred while \output is active
 []|\T1/lmss/m/n/10 December 10, 2020|
 []


Underfull \hbox (badness 10000) has occurred while \output is active
 []||
 []


Underfull \hbox (badness 10000) has occurred while \output is active
 []|\T1/lmss/m/n/10 Raphael Mün-ster|
 []


Underfull \hbox (badness 10000) has occurred while \output is active
 []|[][][]|
 []


Overfull \hbox (963.1258pt too wide) has occurred while \output is active
[][] 
 []

[24

]
Overfull \hbox (5.02052pt too wide) has occurred while \output is active
[][] 
 []


Underfull \hbox (badness 10000) has occurred while \output is active
 []|\T1/lmss/m/n/10 December 10, 2020|
 []


Underfull \hbox (badness 10000) has occurred while \output is active
 []||
 []


Underfull \hbox (badness 10000) has occurred while \output is active
 []|\T1/lmss/m/n/10 Raphael Mün-ster|
 []


Underfull \hbox (badness 10000) has occurred while \output is active
 []|[][][]|
 []


Overfull \hbox (963.1258pt too wide) has occurred while \output is active
[][] 
 []

[25

]
Overfull \hbox (5.02052pt too wide) has occurred while \output is active
[][] 
 []


Underfull \hbox (badness 10000) has occurred while \output is active
 []|\T1/lmss/m/n/10 December 10, 2020|
 []


Underfull \hbox (badness 10000) has occurred while \output is active
 []||
 []


Underfull \hbox (badness 10000) has occurred while \output is active
 []|\T1/lmss/m/n/10 Raphael Mün-ster|
 []


Underfull \hbox (badness 10000) has occurred while \output is active
 []|[][][]|
 []


Overfull \hbox (963.1258pt too wide) has occurred while \output is active
[][] 
 []

[26

]
Overfull \hbox (5.02052pt too wide) has occurred while \output is active
[][] 
 []


Underfull \hbox (badness 10000) has occurred while \output is active
 []|\T1/lmss/m/n/10 December 10, 2020|
 []


Underfull \hbox (badness 10000) has occurred while \output is active
 []||
 []


Underfull \hbox (badness 10000) has occurred while \output is active
 []|\T1/lmss/m/n/10 Raphael Mün-ster|
 []


Underfull \hbox (badness 10000) has occurred while \output is active
 []|[][][]|
 []


Overfull \hbox (963.1258pt too wide) has occurred while \output is active
[][] 
 []

[27

]
Overfull \hbox (5.02052pt too wide) has occurred while \output is active
[][] 
 []


Underfull \hbox (badness 10000) has occurred while \output is active
 []|\T1/lmss/m/n/10 December 10, 2020|
 []


Underfull \hbox (badness 10000) has occurred while \output is active
 []||
 []


Underfull \hbox (badness 10000) has occurred while \output is active
 []|\T1/lmss/m/n/10 Raphael Mün-ster|
 []


Underfull \hbox (badness 10000) has occurred while \output is active
 []|[][][]|
 []


Overfull \hbox (963.1258pt too wide) has occurred while \output is active
[][] 
 []

[28

]

Package hyperref Warning: Option `pdfkeywords' has already been used,
(hyperref)                setting the option has no effect on input line 458.


Package hyperref Warning: Option `pdfkeywords' has already been used,
(hyperref)                setting the option has no effect on input line 458.


Overfull \hbox (5.02052pt too wide) has occurred while \output is active
[][] 
 []


Underfull \hbox (badness 10000) has occurred while \output is active
 []|\T1/lmss/m/n/10 December 10, 2020|
 []


Underfull \hbox (badness 10000) has occurred while \output is active
 []||
 []


Underfull \hbox (badness 10000) has occurred while \output is active
 []|\T1/lmss/m/n/10 Raphael Mün-ster|
 []


Underfull \hbox (badness 10000) has occurred while \output is active
 []|[][][]|
 []


Overfull \hbox (963.1258pt too wide) has occurred while \output is active
[][] 
 []

[29

]
Overfull \hbox (5.02052pt too wide) has occurred while \output is active
[][] 
 []


Underfull \hbox (badness 10000) has occurred while \output is active
 []|\T1/lmss/m/n/10 December 10, 2020|
 []


Underfull \hbox (badness 10000) has occurred while \output is active
 []||
 []


Underfull \hbox (badness 10000) has occurred while \output is active
 []|\T1/lmss/m/n/10 Raphael Mün-ster|
 []


Underfull \hbox (badness 10000) has occurred while \output is active
 []|[][][]|
 []


Overfull \hbox (963.1258pt too wide) has occurred while \output is active
[][] 
 []

[30

]
Overfull \hbox (5.02052pt too wide) has occurred while \output is active
[][] 
 []


Underfull \hbox (badness 10000) has occurred while \output is active
 []|\T1/lmss/m/n/10 December 10, 2020|
 []


Underfull \hbox (badness 10000) has occurred while \output is active
 []||
 []


Underfull \hbox (badness 10000) has occurred while \output is active
 []|\T1/lmss/m/n/10 Raphael Mün-ster|
 []


Underfull \hbox (badness 10000) has occurred while \output is active
 []|[][][]|
 []


Overfull \hbox (963.1258pt too wide) has occurred while \output is active
[][] 
 []

[31

]
Overfull \hbox (5.02052pt too wide) has occurred while \output is active
[][] 
 []


Underfull \hbox (badness 10000) has occurred while \output is active
 []|\T1/lmss/m/n/10 December 10, 2020|
 []


Underfull \hbox (badness 10000) has occurred while \output is active
 []||
 []


Underfull \hbox (badness 10000) has occurred while \output is active
 []|\T1/lmss/m/n/10 Raphael Mün-ster|
 []


Underfull \hbox (badness 10000) has occurred while \output is active
 []|[][][]|
 []


Overfull \hbox (963.1258pt too wide) has occurred while \output is active
[][] 
 []

[32

]
Overfull \hbox (5.02052pt too wide) has occurred while \output is active
[][] 
 []


Underfull \hbox (badness 10000) has occurred while \output is active
 []|\T1/lmss/m/n/10 December 10, 2020|
 []


Underfull \hbox (badness 10000) has occurred while \output is active
 []||
 []


Underfull \hbox (badness 10000) has occurred while \output is active
 []|\T1/lmss/m/n/10 Raphael Mün-ster|
 []


Underfull \hbox (badness 10000) has occurred while \output is active
 []|[][][]|
 []


Overfull \hbox (963.1258pt too wide) has occurred while \output is active
[][] 
 []

[33

]
Overfull \hbox (5.02052pt too wide) has occurred while \output is active
[][] 
 []


Underfull \hbox (badness 10000) has occurred while \output is active
 []|\T1/lmss/m/n/10 December 10, 2020|
 []


Underfull \hbox (badness 10000) has occurred while \output is active
 []||
 []


Underfull \hbox (badness 10000) has occurred while \output is active
 []|\T1/lmss/m/n/10 Raphael Mün-ster|
 []


Underfull \hbox (badness 10000) has occurred while \output is active
 []|[][][]|
 []


Overfull \hbox (963.1258pt too wide) has occurred while \output is active
[][] 
 []

[34

]
Overfull \hbox (5.02052pt too wide) has occurred while \output is active
[][] 
 []


Underfull \hbox (badness 10000) has occurred while \output is active
 []|\T1/lmss/m/n/10 December 10, 2020|
 []


Underfull \hbox (badness 10000) has occurred while \output is active
 []||
 []


Underfull \hbox (badness 10000) has occurred while \output is active
 []|\T1/lmss/m/n/10 Raphael Mün-ster|
 []


Underfull \hbox (badness 10000) has occurred while \output is active
 []|[][][]|
 []


Overfull \hbox (963.1258pt too wide) has occurred while \output is active
[][] 
 []

[35

])
<screenshots/paraviewing.png, id=289, 1927.2pt x 1084.05pt>
File: screenshots/paraviewing.png Graphic file (type png)
<use screenshots/paraviewing.png>
Package pdftex.def Info: screenshots/paraviewing.png  used on input line 252.
(pdftex.def)             Requested size: 599.21098pt x 337.04451pt.

Overfull \vbox (1.65935pt too high) detected at line 252
 []


Overfull \hbox (5.02052pt too wide) has occurred while \output is active
[][] 
 []


Underfull \hbox (badness 10000) has occurred while \output is active
 []|\T1/lmss/m/n/10 December 10, 2020|
 []


Underfull \hbox (badness 10000) has occurred while \output is active
 []||
 []


Underfull \hbox (badness 10000) has occurred while \output is active
 []|\T1/lmss/m/n/10 Raphael Mün-ster|
 []


Underfull \hbox (badness 10000) has occurred while \output is active
 []|[][][]|
 []


Overfull \hbox (963.1258pt too wide) has occurred while \output is active
[][] 
 []

[36



 <./screenshots/paraviewing.png>]
\tf@nav=\write7
\openout7 = `LaTeX_Einfuehrung.nav'.

\tf@toc=\write8
\openout8 = `LaTeX_Einfuehrung.toc'.

\tf@snm=\write9
\openout9 = `LaTeX_Einfuehrung.snm'.

 (LaTeX_Einfuehrung.aux (inhalt/intro.aux))
Package rerunfilecheck Info: File `LaTeX_Einfuehrung.out' has not changed.
(rerunfilecheck)             Checksum: D41D8CD98F00B204E9800998ECF8427E;0.
 ) 
Here is how much of TeX's memory you used:
 27439 strings out of 479799
 549336 string characters out of 2879564
 1045852 words of memory out of 3000000
 43613 multiletter control sequences out of 15000+200000
 592287 words of font info for 75 fonts, out of 3000000 for 9000
 1141 hyphenation exceptions out of 8191
 125i,22n,126p,424b,1126s stack positions out of 5000i,500n,10000p,200000b,50000s
{C:/Program Files/MiKTeX/fonts/enc/dvips/lm/lm-ts1.enc}{C:/Program Files/MiKT
eX/fonts/enc/dvips/lm/lm-ec.enc}{C:/Program Files/MiKTeX/fonts/enc/dvips/lm/lm-
mathsy.enc}<C:/Program Files/MiKTeX/fonts/type1/public/lm/lmss10.pfb><C:/Progra
m Files/MiKTeX/fonts/type1/public/lm/lmss17.pfb><C:/Program Files/MiKTeX/fonts/
type1/public/lm/lmssbx10.pfb><C:/Program Files/MiKTeX/fonts/type1/public/lm/lms
so17.pfb><C:/Program Files/MiKTeX/fonts/type1/public/lm/lmsy10.pfb><C:/Program 
Files/MiKTeX/fonts/type1/public/lm/lmtk10.pfb><C:/Program Files/MiKTeX/fonts/ty
pe1/public/lm/lmtt12.pfb>
Output written on LaTeX_Einfuehrung.pdf (36 pages, 6368052 bytes).
PDF statistics:
 342 PDF objects out of 1000 (max. 8388607)
 73 named destinations out of 1000 (max. 500000)
 189 words of extra memory for PDF output out of 10000 (max. 10000000)

